<?xml version="1.0" encoding="UTF-8"?>
<!-- Generated by org.testng.reporters.JUnitReportReporter -->
<testsuite hostname="LAPTOP-B47LGISV" failures="0" tests="1" name="com.actitime.testscript.CustomerModule" time="43.358" errors="0" timestamp="2023-05-21T19:24:09 IST" skipped="0">
  <testcase classname="com.actitime.testscript.CustomerModule" name="testCreateCustomer" time="43.358"/>
  <system-out>
    <![CDATA[Create Customer]]>
  </system-out>
</testsuite> <!-- com.actitime.testscript.CustomerModule -->
